Build started 25/10/2014 11:26:13 ق.ظ.
     1>Project "F:\myhm\10.8.account\10.8.account\10.8.account.vcxproj" on node 2 (build target(s)).
     1>InitializeBuildStatus:
         Creating "Debug\10.8.account.unsuccessfulbuild" because "AlwaysCreate" was specified.
       ClCompile:
         c:\Program Files\Microsoft Visual Studio 10.0\VC\bin\CL.exe /c /ZI /nologo /W3 /WX- /Od /Oy- /D WIN32 /D _DEBUG /D _CONSOLE /D _UNICODE /D UNICODE /Gm /EHsc /RTC1 /MDd /GS /fp:precise /Zc:wchar_t /Zc:forScope /Yc"StdAfx.h" /Fp"Debug\10.8.account.pch" /Fo"Debug\\" /Fd"Debug\vc100.pdb" /Gd /TP /analyze- /errorReport:prompt stdafx.cpp
         stdafx.cpp
         c:\Program Files\Microsoft Visual Studio 10.0\VC\bin\CL.exe /c /ZI /nologo /W3 /WX- /Od /Oy- /D WIN32 /D _DEBUG /D _CONSOLE /D _UNICODE /D UNICODE /Gm /EHsc /RTC1 /MDd /GS /fp:precise /Zc:wchar_t /Zc:forScope /Yu"StdAfx.h" /Fp"Debug\10.8.account.pch" /Fo"Debug\\" /Fd"Debug\vc100.pdb" /Gd /TP /analyze- /errorReport:prompt 10.8.account.cpp
         10.8.account.cpp
     1>f:\myhm\10.8.account\10.8.account\10.8.account.cpp(44): warning C4996: 'strcpy': This function or variable may be unsafe. Consider using strcpy_s instead. To disable deprecation, use _CRT_SECURE_NO_WARNINGS. See online help for details.
                 c:\program files\microsoft visual studio 10.0\vc\include\string.h(105) : see declaration of 'strcpy'
     1>f:\myhm\10.8.account\10.8.account\10.8.account.cpp(46): warning C4996: 'strcpy': This function or variable may be unsafe. Consider using strcpy_s instead. To disable deprecation, use _CRT_SECURE_NO_WARNINGS. See online help for details.
                 c:\program files\microsoft visual studio 10.0\vc\include\string.h(105) : see declaration of 'strcpy'
       ManifestResourceCompile:
         c:\Program Files\Microsoft SDKs\Windows\v7.0A\bin\rc.exe /nologo /fo"Debug\10.8.account.exe.embed.manifest.res" Debug\10.8.account_manifest.rc 
       Link:
         c:\Program Files\Microsoft Visual Studio 10.0\VC\bin\link.exe /ERRORREPORT:PROMPT /OUT:"F:\myhm\10.8.account\Debug\10.8.account.exe" /INCREMENTAL /NOLOGO kernel32.lib user32.lib gdi32.lib winspool.lib comdlg32.lib advapi32.lib shell32.lib ole32.lib oleaut32.lib uuid.lib odbc32.lib odbccp32.lib /MANIFEST /ManifestFile:"Debug\10.8.account.exe.intermediate.manifest" /MANIFESTUAC:"level='asInvoker' uiAccess='false'" /DEBUG /PDB:"F:\myhm\10.8.account\Debug\10.8.account.pdb" /SUBSYSTEM:CONSOLE /TLBID:1 /DYNAMICBASE /NXCOMPAT /IMPLIB:"F:\myhm\10.8.account\Debug\10.8.account.lib" /MACHINE:X86 Debug\10.8.account.exe.embed.manifest.res
         Debug\10.8.account.obj
         Debug\stdafx.obj
       Manifest:
         Deleting file "Debug\10.8.account.exe.embed.manifest".
         c:\Program Files\Microsoft SDKs\Windows\v7.0A\bin\mt.exe /nologo /verbose /out:"Debug\10.8.account.exe.embed.manifest" /manifest Debug\10.8.account.exe.intermediate.manifest
         c:\Program Files\Microsoft SDKs\Windows\v7.0A\bin\rc.exe /nologo /fo"Debug\10.8.account.exe.embed.manifest.res" Debug\10.8.account_manifest.rc 
       LinkEmbedManifest:
         c:\Program Files\Microsoft Visual Studio 10.0\VC\bin\link.exe /ERRORREPORT:PROMPT /OUT:"F:\myhm\10.8.account\Debug\10.8.account.exe" /INCREMENTAL /NOLOGO kernel32.lib user32.lib gdi32.lib winspool.lib comdlg32.lib advapi32.lib shell32.lib ole32.lib oleaut32.lib uuid.lib odbc32.lib odbccp32.lib /MANIFEST /ManifestFile:"Debug\10.8.account.exe.intermediate.manifest" /MANIFESTUAC:"level='asInvoker' uiAccess='false'" /DEBUG /PDB:"F:\myhm\10.8.account\Debug\10.8.account.pdb" /SUBSYSTEM:CONSOLE /TLBID:1 /DYNAMICBASE /NXCOMPAT /IMPLIB:"F:\myhm\10.8.account\Debug\10.8.account.lib" /MACHINE:X86 Debug\10.8.account.exe.embed.manifest.res
         Debug\10.8.account.obj
         Debug\stdafx.obj
         10.8.account.vcxproj -> F:\myhm\10.8.account\Debug\10.8.account.exe
       FinalizeBuildStatus:
         Deleting file "Debug\10.8.account.unsuccessfulbuild".
         Touching "Debug\10.8.account.lastbuildstate".
     1>Done Building Project "F:\myhm\10.8.account\10.8.account\10.8.account.vcxproj" (build target(s)).

Build succeeded.

Time Elapsed 00:00:03.99
