Build started 4/20/2014 2:08:21 PM.
Project "E:\myhm\DateAndTime\DateAndTime\DateAndTime.vcxproj" on node 2 (build target(s)).
InitializeBuildStatus:
  Creating "Debug\DateAndTime.unsuccessfulbuild" because "AlwaysCreate" was specified.
ClCompile:
  All outputs are up-to-date.
  E:\New Folder\VC\bin\CL.exe /c /ZI /nologo /W3 /WX- /Od /Oy- /D WIN32 /D _DEBUG /D _CONSOLE /D _UNICODE /D UNICODE /Gm /EHsc /RTC1 /MDd /GS /fp:precise /Zc:wchar_t /Zc:forScope /Yu"StdAfx.h" /Fp"Debug\DateAndTime.pch" /Fo"Debug\\" /Fd"Debug\vc100.pdb" /Gd /TP /analyze- /errorReport:prompt DateAndTime.cpp
  DateAndTime.cpp
e:\myhm\dateandtime\dateandtime\dateandtime.cpp(17): warning C4244: '=' : conversion from 'time_t' to 'int', possible loss of data
e:\myhm\dateandtime\dateandtime\dateandtime.cpp(23): warning C4244: 'initializing' : conversion from 'time_t' to 'int', possible loss of data
ManifestResourceCompile:
  All outputs are up-to-date.
Link:
  E:\New Folder\VC\bin\link.exe /ERRORREPORT:PROMPT /OUT:"E:\myhm\DateAndTime\Debug\DateAndTime.exe" /INCREMENTAL /NOLOGO kernel32.lib user32.lib gdi32.lib winspool.lib comdlg32.lib advapi32.lib shell32.lib ole32.lib oleaut32.lib uuid.lib odbc32.lib odbccp32.lib /MANIFEST /ManifestFile:"Debug\DateAndTime.exe.intermediate.manifest" /MANIFESTUAC:"level='asInvoker' uiAccess='false'" /DEBUG /PDB:"E:\myhm\DateAndTime\Debug\DateAndTime.pdb" /SUBSYSTEM:CONSOLE /TLBID:1 /DYNAMICBASE /NXCOMPAT /IMPLIB:"E:\myhm\DateAndTime\Debug\DateAndTime.lib" /MACHINE:X86 Debug\DateAndTime.exe.embed.manifest.res
  Debug\DateAndTime.obj
  Debug\stdafx.obj
Manifest:
  C:\Program Files\Microsoft SDKs\Windows\v7.0A\bin\mt.exe /nologo /verbose /out:"Debug\DateAndTime.exe.embed.manifest" /manifest Debug\DateAndTime.exe.intermediate.manifest
  All outputs are up-to-date.
LinkEmbedManifest:
  All outputs are up-to-date.
  DateAndTime.vcxproj -> E:\myhm\DateAndTime\Debug\DateAndTime.exe
FinalizeBuildStatus:
  Deleting file "Debug\DateAndTime.unsuccessfulbuild".
  Touching "Debug\DateAndTime.lastbuildstate".
Done Building Project "E:\myhm\DateAndTime\DateAndTime\DateAndTime.vcxproj" (build target(s)).

Build succeeded.

Time Elapsed 00:00:02.89
