Build started 4/20/2014 1:32:40 PM.
Project "E:\myhm\9.(7 and10)time\9.(7 and10)time\9.(7 and10)time.vcxproj" on node 2 (build target(s)).
InitializeBuildStatus:
  Creating "Debug\9.(7 and10)time.unsuccessfulbuild" because "AlwaysCreate" was specified.
ClCompile:
  All outputs are up-to-date.
  E:\New Folder\VC\bin\CL.exe /c /ZI /nologo /W3 /WX- /Od /Oy- /D WIN32 /D _DEBUG /D _CONSOLE /D _UNICODE /D UNICODE /Gm /EHsc /RTC1 /MDd /GS /fp:precise /Zc:wchar_t /Zc:forScope /Yu"StdAfx.h" /Fp"Debug\9.(7 and10)time.pch" /Fo"Debug\\" /Fd"Debug\vc100.pdb" /Gd /TP /analyze- /errorReport:prompt "9.(7 and10)time.cpp"
  9.(7 and10)time.cpp
e:\myhm\9.(7 and10)time\9.(7 and10)time\9.(7 and10)time.cpp(17): warning C4244: '=' : conversion from 'time_t' to 'int', possible loss of data
e:\myhm\9.(7 and10)time\9.(7 and10)time\9.(7 and10)time.cpp(66): warning C4244: 'initializing' : conversion from 'time_t' to 'int', possible loss of data
ManifestResourceCompile:
  All outputs are up-to-date.
Link:
  E:\New Folder\VC\bin\link.exe /ERRORREPORT:PROMPT /OUT:"E:\myhm\9.(7 and10)time\Debug\9.(7 and10)time.exe" /INCREMENTAL /NOLOGO kernel32.lib user32.lib gdi32.lib winspool.lib comdlg32.lib advapi32.lib shell32.lib ole32.lib oleaut32.lib uuid.lib odbc32.lib odbccp32.lib /MANIFEST /ManifestFile:"Debug\9.(7 and10)time.exe.intermediate.manifest" /MANIFESTUAC:"level='asInvoker' uiAccess='false'" /DEBUG /PDB:"E:\myhm\9.(7 and10)time\Debug\9.(7 and10)time.pdb" /SUBSYSTEM:CONSOLE /TLBID:1 /DYNAMICBASE /NXCOMPAT /IMPLIB:"E:\myhm\9.(7 and10)time\Debug\9.(7 and10)time.lib" /MACHINE:X86 "Debug\9.(7 and10)time.exe.embed.manifest.res"
  "Debug\9.(7 and10)time.obj"
  Debug\stdafx.obj
Manifest:
  C:\Program Files\Microsoft SDKs\Windows\v7.0A\bin\mt.exe /nologo /verbose /out:"Debug\9.(7 and10)time.exe.embed.manifest" /manifest "Debug\9.(7 and10)time.exe.intermediate.manifest"
  All outputs are up-to-date.
LinkEmbedManifest:
  All outputs are up-to-date.
  9.(7 and10)time.vcxproj -> E:\myhm\9.(7 and10)time\Debug\9.(7 and10)time.exe
FinalizeBuildStatus:
  Deleting file "Debug\9.(7 and10)time.unsuccessfulbuild".
  Touching "Debug\9.(7 and10)time.lastbuildstate".
Done Building Project "E:\myhm\9.(7 and10)time\9.(7 and10)time\9.(7 and10)time.vcxproj" (build target(s)).

Build succeeded.

Time Elapsed 00:00:03.42
