E:\myhm\7.final Credit program test\17.control tarakonesh\Debug\17.control tarakonesh.exe.embed.manifest
E:\MYHM\7.FINAL CREDIT PROGRAM TEST\17.CONTROL TARAKONESH\DEBUG\17.CONTROL TARAKONESH.EXE.EMBED.MANIFEST.RES
E:\myhm\7.final Credit program test\17.control tarakonesh\Debug\17.control tarakonesh.exe.intermediate.manifest
E:\MYHM\7.FINAL CREDIT PROGRAM TEST\17.CONTROL TARAKONESH\DEBUG\17.CONTROL TARAKONESH.OBJ
E:\MYHM\7.FINAL CREDIT PROGRAM TEST\17.CONTROL TARAKONESH\DEBUG\17.CONTROL TARAKONESH.PCH
E:\myhm\7.final Credit program test\17.control tarakonesh\Debug\17.control tarakonesh_manifest.rc
E:\myhm\7.final Credit program test\17.control tarakonesh\Debug\cl.command.1.tlog
E:\myhm\7.final Credit program test\17.control tarakonesh\Debug\CL.read.1.tlog
E:\myhm\7.final Credit program test\17.control tarakonesh\Debug\CL.write.1.tlog
E:\myhm\7.final Credit program test\17.control tarakonesh\Debug\link.command.1.tlog
E:\myhm\7.final Credit program test\17.control tarakonesh\Debug\link.read.1.tlog
E:\myhm\7.final Credit program test\17.control tarakonesh\Debug\link.write.1.tlog
E:\myhm\7.final Credit program test\17.control tarakonesh\Debug\link-cvtres.read.1.tlog
E:\myhm\7.final Credit program test\17.control tarakonesh\Debug\link-cvtres.write.1.tlog
E:\myhm\7.final Credit program test\17.control tarakonesh\Debug\rc.command.1.tlog
E:\myhm\7.final Credit program test\17.control tarakonesh\Debug\rc.read.1.tlog
E:\myhm\7.final Credit program test\17.control tarakonesh\Debug\rc.write.1.tlog
E:\MYHM\7.FINAL CREDIT PROGRAM TEST\17.CONTROL TARAKONESH\DEBUG\STDAFX.OBJ
E:\myhm\7.final Credit program test\17.control tarakonesh\Debug\vc100.idb
E:\MYHM\7.FINAL CREDIT PROGRAM TEST\17.CONTROL TARAKONESH\DEBUG\VC100.PDB
E:\myhm\testing first multithread program\Debug\17.control tarakonesh.pdb
