Build started 4/24/2014 11:20:39 AM.
Project "E:\myhm\10.7.date\10.7.date\10.7.date.vcxproj" on node 2 (build target(s)).
InitializeBuildStatus:
  Touching "Debug\10.7.date.unsuccessfulbuild".
ClCompile:
  All outputs are up-to-date.
  E:\New Folder\VC\bin\CL.exe /c /ZI /nologo /W3 /WX- /Od /Oy- /D WIN32 /D _DEBUG /D _CONSOLE /D _UNICODE /D UNICODE /Gm /EHsc /RTC1 /MDd /GS /fp:precise /Zc:wchar_t /Zc:forScope /Yu"StdAfx.h" /Fp"Debug\10.7.date.pch" /Fo"Debug\\" /Fd"Debug\vc100.pdb" /Gd /TP /analyze- /errorReport:prompt 10.7.date.cpp
  10.7.date.cpp
e:\myhm\10.7.date\10.7.date\10.7.date.cpp(54): warning C4244: 'initializing' : conversion from 'time_t' to 'int', possible loss of data
ManifestResourceCompile:
  All outputs are up-to-date.
Link:
  E:\New Folder\VC\bin\link.exe /ERRORREPORT:PROMPT /OUT:"E:\myhm\10.7.date\Debug\10.7.date.exe" /INCREMENTAL /NOLOGO kernel32.lib user32.lib gdi32.lib winspool.lib comdlg32.lib advapi32.lib shell32.lib ole32.lib oleaut32.lib uuid.lib odbc32.lib odbccp32.lib /MANIFEST /ManifestFile:"Debug\10.7.date.exe.intermediate.manifest" /MANIFESTUAC:"level='asInvoker' uiAccess='false'" /DEBUG /PDB:"E:\myhm\10.7.date\Debug\10.7.date.pdb" /SUBSYSTEM:CONSOLE /TLBID:1 /DYNAMICBASE /NXCOMPAT /IMPLIB:"E:\myhm\10.7.date\Debug\10.7.date.lib" /MACHINE:X86 Debug\10.7.date.exe.embed.manifest.res
  Debug\10.7.date.obj
  Debug\stdafx.obj
Manifest:
  C:\Program Files\Microsoft SDKs\Windows\v7.0A\bin\mt.exe /nologo /verbose /out:"Debug\10.7.date.exe.embed.manifest" /manifest Debug\10.7.date.exe.intermediate.manifest
  All outputs are up-to-date.
LinkEmbedManifest:
  All outputs are up-to-date.
  10.7.date.vcxproj -> E:\myhm\10.7.date\Debug\10.7.date.exe
FinalizeBuildStatus:
  Deleting file "Debug\10.7.date.unsuccessfulbuild".
  Touching "Debug\10.7.date.lastbuildstate".
Done Building Project "E:\myhm\10.7.date\10.7.date\10.7.date.vcxproj" (build target(s)).

Build succeeded.

Time Elapsed 00:00:01.92
