Build started 4/21/2014 12:51:12 AM.
Project "E:\myhm\9.12and13\9.12and13\9.12and13.vcxproj" on node 2 (build target(s)).
InitializeBuildStatus:
  Creating "Debug\9.12and13.unsuccessfulbuild" because "AlwaysCreate" was specified.
ClCompile:
  All outputs are up-to-date.
  E:\New Folder\VC\bin\CL.exe /c /ZI /nologo /W3 /WX- /Od /Oy- /D WIN32 /D _DEBUG /D _CONSOLE /D _UNICODE /D UNICODE /Gm /EHsc /RTC1 /MDd /GS /fp:precise /Zc:wchar_t /Zc:forScope /Yu"StdAfx.h" /Fp"Debug\9.12and13.pch" /Fo"Debug\\" /Fd"Debug\vc100.pdb" /Gd /TP /analyze- /errorReport:prompt 9.12and13.cpp
  9.12and13.cpp
e:\myhm\9.12and13\9.12and13\9.12and13.cpp(100): warning C4101: 'ghotr' : unreferenced local variable
e:\myhm\9.12and13\9.12and13\9.12and13.cpp(97): warning C4715: 'Rectangle::squre' : not all control paths return a value
ManifestResourceCompile:
  All outputs are up-to-date.
Link:
  E:\New Folder\VC\bin\link.exe /ERRORREPORT:PROMPT /OUT:"E:\myhm\9.12and13\Debug\9.12and13.exe" /INCREMENTAL /NOLOGO kernel32.lib user32.lib gdi32.lib winspool.lib comdlg32.lib advapi32.lib shell32.lib ole32.lib oleaut32.lib uuid.lib odbc32.lib odbccp32.lib /MANIFEST /ManifestFile:"Debug\9.12and13.exe.intermediate.manifest" /MANIFESTUAC:"level='asInvoker' uiAccess='false'" /DEBUG /PDB:"E:\myhm\9.12and13\Debug\9.12and13.pdb" /SUBSYSTEM:CONSOLE /TLBID:1 /DYNAMICBASE /NXCOMPAT /IMPLIB:"E:\myhm\9.12and13\Debug\9.12and13.lib" /MACHINE:X86 Debug\9.12and13.exe.embed.manifest.res
  Debug\9.12and13.obj
  Debug\stdafx.obj
Manifest:
  C:\Program Files\Microsoft SDKs\Windows\v7.0A\bin\mt.exe /nologo /verbose /out:"Debug\9.12and13.exe.embed.manifest" /manifest Debug\9.12and13.exe.intermediate.manifest
  All outputs are up-to-date.
LinkEmbedManifest:
  All outputs are up-to-date.
  9.12and13.vcxproj -> E:\myhm\9.12and13\Debug\9.12and13.exe
FinalizeBuildStatus:
  Deleting file "Debug\9.12and13.unsuccessfulbuild".
  Touching "Debug\9.12and13.lastbuildstate".
Done Building Project "E:\myhm\9.12and13\9.12and13\9.12and13.vcxproj" (build target(s)).

Build succeeded.

Time Elapsed 00:00:03.06
