Build started 5/10/2014 12:30:45 PM.
Project "E:\myhm\7.final Credit program test\17.control tarakonesh\17.control tarakonesh.vcxproj" on node 2 (build target(s)).
InitializeBuildStatus:
  Touching "Debug\17.control tarakonesh.unsuccessfulbuild".
ClCompile:
  All outputs are up-to-date.
  All outputs are up-to-date.
ManifestResourceCompile:
  All outputs are up-to-date.
Link:
  E:\New Folder\VC\bin\link.exe /ERRORREPORT:PROMPT /OUT:"E:\myhm\testing first multithread program\Debug\17.control tarakonesh.exe" /INCREMENTAL /NOLOGO kernel32.lib user32.lib gdi32.lib winspool.lib comdlg32.lib advapi32.lib shell32.lib ole32.lib oleaut32.lib uuid.lib odbc32.lib odbccp32.lib /MANIFEST /ManifestFile:"Debug\17.control tarakonesh.exe.intermediate.manifest" /MANIFESTUAC:"level='asInvoker' uiAccess='false'" /DEBUG /PDB:"E:\myhm\testing first multithread program\Debug\17.control tarakonesh.pdb" /SUBSYSTEM:CONSOLE /TLBID:1 /DYNAMICBASE /NXCOMPAT /IMPLIB:"E:\myhm\testing first multithread program\Debug\17.control tarakonesh.lib" /MACHINE:X86 "Debug\17.control tarakonesh.exe.embed.manifest.res"
  "Debug\17.control tarakonesh.obj"
  Debug\stdafx.obj
17.control tarakonesh.obj : error LNK2019: unresolved external symbol "public: int __thiscall ClientData::getAccountNumber(void)const " (?getAccountNumber@ClientData@@QBEHXZ) referenced in function "void __cdecl createTextFile(class std::basic_fstream<char,struct std::char_traits<char> > &)" (?createTextFile@@YAXAAV?$basic_fstream@DU?$char_traits@D@std@@@std@@@Z)
17.control tarakonesh.obj : error LNK2019: unresolved external symbol "public: __thiscall ClientData::ClientData(int,class std::basic_string<char,struct std::char_traits<char>,class std::allocator<char> >,class std::basic_string<char,struct std::char_traits<char>,class std::allocator<char> >,double)" (??0ClientData@@QAE@HV?$basic_string@DU?$char_traits@D@std@@V?$allocator@D@2@@std@@0N@Z) referenced in function "void __cdecl createTextFile(class std::basic_fstream<char,struct std::char_traits<char> > &)" (?createTextFile@@YAXAAV?$basic_fstream@DU?$char_traits@D@std@@@std@@@Z)
17.control tarakonesh.obj : error LNK2019: unresolved external symbol "public: void __thiscall ClientData::setBalance(double)" (?setBalance@ClientData@@QAEXN@Z) referenced in function "void __cdecl updateRecord(class std::basic_fstream<char,struct std::char_traits<char> > &)" (?updateRecord@@YAXAAV?$basic_fstream@DU?$char_traits@D@std@@@std@@@Z)
17.control tarakonesh.obj : error LNK2019: unresolved external symbol "public: double __thiscall ClientData::getBalance(void)const " (?getBalance@ClientData@@QBENXZ) referenced in function "void __cdecl updateRecord(class std::basic_fstream<char,struct std::char_traits<char> > &)" (?updateRecord@@YAXAAV?$basic_fstream@DU?$char_traits@D@std@@@std@@@Z)
17.control tarakonesh.obj : error LNK2019: unresolved external symbol "public: void __thiscall ClientData::setFirstName(class std::basic_string<char,struct std::char_traits<char>,class std::allocator<char> >)" (?setFirstName@ClientData@@QAEXV?$basic_string@DU?$char_traits@D@std@@V?$allocator@D@2@@std@@@Z) referenced in function "void __cdecl newRecord(class std::basic_fstream<char,struct std::char_traits<char> > &)" (?newRecord@@YAXAAV?$basic_fstream@DU?$char_traits@D@std@@@std@@@Z)
17.control tarakonesh.obj : error LNK2019: unresolved external symbol "public: void __thiscall ClientData::setLastName(class std::basic_string<char,struct std::char_traits<char>,class std::allocator<char> >)" (?setLastName@ClientData@@QAEXV?$basic_string@DU?$char_traits@D@std@@V?$allocator@D@2@@std@@@Z) referenced in function "void __cdecl newRecord(class std::basic_fstream<char,struct std::char_traits<char> > &)" (?newRecord@@YAXAAV?$basic_fstream@DU?$char_traits@D@std@@@std@@@Z)
17.control tarakonesh.obj : error LNK2019: unresolved external symbol "public: class std::basic_string<char,struct std::char_traits<char>,class std::allocator<char> > __thiscall ClientData::getLastName(void)const " (?getLastName@ClientData@@QBE?AV?$basic_string@DU?$char_traits@D@std@@V?$allocator@D@2@@std@@XZ) referenced in function "void __cdecl outPutLine(class std::basic_ostream<char,struct std::char_traits<char> > &,class ClientData const &)" (?outPutLine@@YAXAAV?$basic_ostream@DU?$char_traits@D@std@@@std@@ABVClientData@@@Z)
17.control tarakonesh.obj : error LNK2019: unresolved external symbol "public: class std::basic_string<char,struct std::char_traits<char>,class std::allocator<char> > __thiscall ClientData::getFirstName(void)const " (?getFirstName@ClientData@@QBE?AV?$basic_string@DU?$char_traits@D@std@@V?$allocator@D@2@@std@@XZ) referenced in function "void __cdecl outPutLine(class std::basic_ostream<char,struct std::char_traits<char> > &,class ClientData const &)" (?outPutLine@@YAXAAV?$basic_ostream@DU?$char_traits@D@std@@@std@@ABVClientData@@@Z)
E:\myhm\testing first multithread program\Debug\17.control tarakonesh.exe : fatal error LNK1120: 8 unresolved externals
Done Building Project "E:\myhm\7.final Credit program test\17.control tarakonesh\17.control tarakonesh.vcxproj" (build target(s)) -- FAILED.

Build FAILED.

Time Elapsed 00:00:00.60
